==89721== Memcheck, a memory error detector
==89721== Copyright (C) 2002-2017, and GNU GPL'd, by Julian Seward et al.
==89721== Using Valgrind-3.18.1 and LibVEX; rerun with -h for copyright info
==89721== Command: ./ft_shumup
==89721== Parent PID: 63811
==89721== 
==89721== 
==89721== HEAP SUMMARY:
==89721==     in use at exit: 621,610 bytes in 422 blocks
==89721==   total heap usage: 1,238 allocs, 816 frees, 645,947 bytes allocated
==89721== 
==89721== 9 bytes in 1 blocks are possibly lost in loss record 7 of 86
==89721==    at 0x4848899: malloc (in /usr/libexec/valgrind/vgpreload_memcheck-amd64-linux.so)
==89721==    by 0x498A58E: strdup (strdup.c:42)
==89721==    by 0x48C3D54: ??? (in /usr/lib/x86_64-linux-gnu/libtinfo.so.6.3)
==89721==    by 0x48C7098: _nc_tiparm (in /usr/lib/x86_64-linux-gnu/libtinfo.so.6.3)
==89721==    by 0x4890B53: newterm_sp (in /usr/lib/x86_64-linux-gnu/libncursesw.so.6.3)
==89721==    by 0x48915EC: newterm (in /usr/lib/x86_64-linux-gnu/libncursesw.so.6.3)
==89721==    by 0x48893AF: initscr (in /usr/lib/x86_64-linux-gnu/libncursesw.so.6.3)
==89721==    by 0x40128A: main (in /home/lilefebv/Documents/cursus/ft_shumup/tesetsss/ft_shumup)
==89721== 
==89721== 24 bytes in 1 blocks are possibly lost in loss record 28 of 86
==89721==    at 0x4848899: malloc (in /usr/libexec/valgrind/vgpreload_memcheck-amd64-linux.so)
==89721==    by 0x4A01F9E: tsearch (tsearch.c:337)
==89721==    by 0x48C3D6E: ??? (in /usr/lib/x86_64-linux-gnu/libtinfo.so.6.3)
==89721==    by 0x48C7098: _nc_tiparm (in /usr/lib/x86_64-linux-gnu/libtinfo.so.6.3)
==89721==    by 0x4890B53: newterm_sp (in /usr/lib/x86_64-linux-gnu/libncursesw.so.6.3)
==89721==    by 0x48915EC: newterm (in /usr/lib/x86_64-linux-gnu/libncursesw.so.6.3)
==89721==    by 0x48893AF: initscr (in /usr/lib/x86_64-linux-gnu/libncursesw.so.6.3)
==89721==    by 0x40128A: main (in /home/lilefebv/Documents/cursus/ft_shumup/tesetsss/ft_shumup)
==89721== 
==89721== 168 bytes in 1 blocks are possibly lost in loss record 55 of 86
==89721==    at 0x484DA83: calloc (in /usr/libexec/valgrind/vgpreload_memcheck-amd64-linux.so)
==89721==    by 0x48C3CCD: ??? (in /usr/lib/x86_64-linux-gnu/libtinfo.so.6.3)
==89721==    by 0x48C7098: _nc_tiparm (in /usr/lib/x86_64-linux-gnu/libtinfo.so.6.3)
==89721==    by 0x4890B53: newterm_sp (in /usr/lib/x86_64-linux-gnu/libncursesw.so.6.3)
==89721==    by 0x48915EC: newterm (in /usr/lib/x86_64-linux-gnu/libncursesw.so.6.3)
==89721==    by 0x48893AF: initscr (in /usr/lib/x86_64-linux-gnu/libncursesw.so.6.3)
==89721==    by 0x40128A: main (in /home/lilefebv/Documents/cursus/ft_shumup/tesetsss/ft_shumup)
==89721== 
==89721== LEAK SUMMARY:
==89721==    definitely lost: 0 bytes in 0 blocks
==89721==    indirectly lost: 0 bytes in 0 blocks
==89721==      possibly lost: 201 bytes in 3 blocks
==89721==    still reachable: 621,409 bytes in 419 blocks
==89721==         suppressed: 0 bytes in 0 blocks
==89721== Reachable blocks (those to which a pointer was found) are not shown.
==89721== To see them, rerun with: --leak-check=full --show-leak-kinds=all
==89721== 
==89721== For lists of detected and suppressed errors, rerun with: -s
==89721== ERROR SUMMARY: 3 errors from 3 contexts (suppressed: 0 from 0)
